#
# There is insufficient memory for the Java Runtime Environment to continue.
# Native memory allocation (mmap) failed to map 536870912 bytes for G1 virtual space
# Possible reasons:
#   The system is out of physical RAM or swap space
#   The process is running with CompressedOops enabled, and the Java Heap may be blocking the growth of the native heap
# Possible solutions:
#   Reduce memory load on the system
#   Increase physical memory or swap space
#   Check if swap backing store is full
#   Decrease Java heap size (-Xmx/-Xms)
#   Decrease number of Java threads
#   Decrease Java thread stack sizes (-Xss)
#   Set larger code cache with -XX:ReservedCodeCacheSize=
#   JVM is running with Zero Based Compressed Oops mode in which the Java heap is
#     placed in the first 32GB address space. The Java Heap base address is the
#     maximum limit for the native heap growth. Please use -XX:HeapBaseMinAddress
#     to set the Java Heap base and to place the Java Heap above 32GB virtual address.
# This output file may be truncated or incomplete.
#
#  Out of Memory Error (os_windows.cpp:3600), pid=34148, tid=38000
#
# JRE version:  (21.0.1+12) (build )
# Java VM: OpenJDK 64-Bit Server VM (21.0.1+12-LTS, mixed mode, sharing, tiered, compressed oops, compressed class ptrs, g1 gc, windows-amd64)
# No core dump will be written. Minidumps are not enabled by default on client versions of Windows
#

---------------  S U M M A R Y ------------

Command Line: -Dsun.java2d.pmoffscreen=false -Dhttps.protocols=TLSv1,TLSv1.1,TLSv1.2 -Dsun.java2d.xrender=false -Dsun.java2d.d3d=false -Dsun.awt.nopixfmt=true -Dsun.java2d.dpiaware=true -Dsun.java2d.uiScale.enabled=false -Dswing.aatext=true -XX:-UsePerfData -Djdk.map.althashing.threshold=512 -XX:StringTableSize=4072 -XX:+UseStringDeduplication -XX:MaxGCPauseMillis=200 -XX:+ParallelRefProcEnabled --add-opens=java.desktop/javax.swing.plaf.synth=ALL-UNNAMED --add-opens=java.base/java.nio=ALL-UNNAMED --add-opens=java.desktop/sun.swing=ALL-UNNAMED --add-opens=java.desktop/javax.swing=ALL-UNNAMED --add-opens=java.desktop/javax.swing.tree=ALL-UNNAMED --add-opens=java.desktop/javax.swing.plaf.basic=ALL-UNNAMED --add-opens=java.desktop/javax.swing.plaf.synth=ALL-UNNAMED --add-opens=java.desktop/javax.swing.plaf.basic=ALL-UNNAMED --add-opens=java.desktop/javax.swing=ALL-UNNAMED --add-opens=java.desktop/javax.swing.tree=ALL-UNNAMED --add-opens=java.desktop/java.awt.event=ALL-UNNAMED --add-exports=java.desktop/javax.swing.plaf.synth=ALL-UNNAMED --add-exports=java.base/java.nio=ALL-UNNAMED --add-exports=java.desktop/sun.swing=ALL-UNNAMED --add-exports=java.desktop/javax.swing=ALL-UNNAMED --add-exports=java.desktop/javax.swing.tree=ALL-UNNAMED --add-exports=java.desktop/javax.swing.plaf.basic=ALL-UNNAMED --add-exports=java.desktop/sun.swing=ALL-UNNAMED --add-exports=java.desktop/sun.swing.table=ALL-UNNAMED --add-exports=java.desktop/sun.swing.plaf.synth=ALL-UNNAMED --add-exports=java.desktop/sun.awt.shell=ALL-UNNAMED --add-exports=java.base/sun.security.action=ALL-UNNAMED --add-exports=java.desktop/sun.font=ALL-UNNAMED -XX:NewSize=80m -XX:MaxNewSize=80m -Xms512m -Xmx4072m -Xss10m 

Host: 13th Gen Intel(R) Core(TM) i5-13500H, 16 cores, 15G,  Windows 11 , 64 bit Build 26100 (10.0.26100.8875)
Time: Fri Jul 17 15:23:12 2026  Windows 11 , 64 bit Build 26100 (10.0.26100.8875) elapsed time: 0.156460 seconds (0d 0h 0m 0s)

---------------  T H R E A D  ---------------

Current thread (0x0000024bbd7ac890):  JavaThread "Unknown thread" [_thread_in_vm, id=38000, stack(0x00000064cfc00000,0x00000064cfd00000) (1024K)]

Stack: [0x00000064cfc00000,0x00000064cfd00000]
Native frames: (J=compiled Java code, j=interpreted, Vv=VM code, C=native code)
V  [jvm.dll+0x6c7789]
V  [jvm.dll+0x8a2011]
V  [jvm.dll+0x8a44ae]
V  [jvm.dll+0x8a4b83]
V  [jvm.dll+0x27f936]
V  [jvm.dll+0x6c3f05]
V  [jvm.dll+0x6b8bfa]
V  [jvm.dll+0x35363a]
V  [jvm.dll+0x35b1e6]
V  [jvm.dll+0x3ac2be]
V  [jvm.dll+0x3ac568]
V  [jvm.dll+0x32787c]
V  [jvm.dll+0x3283db]
V  [jvm.dll+0x86b0f9]
V  [jvm.dll+0x3b9271]
V  [jvm.dll+0x8532c8]
V  [jvm.dll+0x44cffe]
V  [jvm.dll+0x44ea81]
C  [librdi_commontasks.dll+0xc8e70]
C  [librdi_commontasks.dll+0xc9cf7]
C  [librdi_commontasks.dll+0xa73a9]
C  [librdi_commontasks.dll+0xa6c24]
C  [librdi_commontasks.dll+0xa6edb]
C  [librdi_commontasks.dll+0xa6dd9]
C  [ucrtbase.dll+0x2cd30]
C  [KERNEL32.DLL+0x2e957]
C  [ntdll.dll+0xaad6c]


---------------  P R O C E S S  ---------------

Threads class SMR info:
_java_thread_list=0x00007ffa3308e088, length=0, elements={
}

Java Threads: ( => current thread )
Total: 0

Other Threads:
  0x0000024bb4cf4eb0 WorkerThread "GC Thread#0"                     [id=12276, stack(0x00000064cfd00000,0x00000064cfe00000) (1024K)]
  0x0000024bbc961bd0 ConcurrentGCThread "G1 Main Marker"            [id=9096, stack(0x00000064cfe00000,0x00000064cff00000) (1024K)]
  0x0000024bb4cf6470 WorkerThread "G1 Conc#0"                       [id=35628, stack(0x00000064cff00000,0x00000064d0000000) (1024K)]

[error occurred during error reporting (printing all threads), id 0xc0000005, EXCEPTION_ACCESS_VIOLATION (0xc0000005) at pc=0x00007ffa3279a1a7]
VM state: not at safepoint (not fully initialized)

VM Mutex/Monitor currently owned by a thread:  ([mutex/lock_event])
[0x00007ffa33101b28] Heap_lock - owner thread: 0x0000024bbd7ac890

Heap address: 0x0000000701800000, size: 4072 MB, Compressed Oops mode: Zero based, Oop shift amount: 3

CDS archive(s) mapped at: [0x0000000000000000-0x0000000000000000-0x0000000000000000), size 0, SharedBaseAddress: 0x0000000800000000, ArchiveRelocationMode: 1.
Narrow klass base: 0x0000000000000000, Narrow klass shift: 0, Narrow klass range: 0x0

GC Precious Log:
 CardTable entry size: 512
 Card Set container configuration: InlinePtr #cards 4 size 8 Array Of Cards #cards 16 size 48 Howl #buckets 8 coarsen threshold 3686 Howl Bitmap #cards 512 size 80 coarsen threshold 460 Card regions per heap region 1 cards per card region 4096

Heap:
 garbage-first heap   total 0K, used 0K [0x0000000701800000, 0x0000000800000000)
  region size 2048K, 0 young (0K), 0 survivors (0K)

[error occurred during error reporting (printing heap information), id 0xc0000005, EXCEPTION_ACCESS_VIOLATION (0xc0000005) at pc=0x00007ffa32b805d9]
GC Heap History (0 events):
No events

Dll operation events (1 events):
Event: 0.100 Loaded shared library D:\UNSW\Vivado\Vivado\2024.1\tps\win64\jre21.0.1_12\bin\java.dll

Deoptimization events (0 events):
No events

Classes loaded (0 events):
No events

Classes unloaded (0 events):
No events

Classes redefined (0 events):
No events

Internal exceptions (0 events):
No events

ZGC Phase Switch (0 events):
No events

VM Operations (0 events):
No events

Events (0 events):
No events


Dynamic libraries:
0x00007ff6be020000 - 0x00007ff6be03d000 	D:\UNSW\Vivado\Vivado\2024.1\bin\unwrapped\win64.o\vivado.exe
0x00007ffb7ce80000 - 0x00007ffb7d0e6000 	C:\WINDOWS\SYSTEM32\ntdll.dll
0x00007ffb7ca20000 - 0x00007ffb7cae9000 	C:\WINDOWS\System32\KERNEL32.DLL
0x00007ffb7a7a0000 - 0x00007ffb7ab9e000 	C:\WINDOWS\System32\KERNELBASE.dll
0x00007ffb7a160000 - 0x00007ffb7a2ac000 	C:\WINDOWS\System32\ucrtbase.dll
0x00007ffb45f30000 - 0x00007ffb45f4c000 	D:\UNSW\Vivado\Vivado\2024.1\lib\win64.o\librdi_commonmain.dll
0x00007ffa36360000 - 0x00007ffa37b73000 	D:\UNSW\Vivado\Vivado\2024.1\lib\win64.o\librdi_common.dll
0x00007ffb53a40000 - 0x00007ffb53ac9000 	C:\WINDOWS\SYSTEM32\MSVCP140.dll
0x00007ffb7b8a0000 - 0x00007ffb7ba67000 	C:\WINDOWS\System32\USER32.dll
0x00007ffb555a0000 - 0x00007ffb555be000 	C:\WINDOWS\SYSTEM32\VCRUNTIME140.dll
0x00007ffb7a480000 - 0x00007ffb7a4a7000 	C:\WINDOWS\System32\win32u.dll
0x00007ffb7bb40000 - 0x00007ffb7bb6b000 	C:\WINDOWS\System32\GDI32.dll
0x00007ffb7a350000 - 0x00007ffb7a47a000 	C:\WINDOWS\System32\gdi32full.dll
0x00007ffb7a4b0000 - 0x00007ffb7a553000 	C:\WINDOWS\System32\msvcp_win.dll
0x00007ffb7ccd0000 - 0x00007ffb7cd87000 	C:\WINDOWS\System32\ADVAPI32.dll
0x00007ffb7cd90000 - 0x00007ffb7ce39000 	C:\WINDOWS\System32\msvcrt.dll
0x00007ffb7b130000 - 0x00007ffb7b1da000 	C:\WINDOWS\System32\sechost.dll
0x00007ffb7abb0000 - 0x00007ffb7acc8000 	C:\WINDOWS\System32\RPCRT4.dll
0x00007ffb7c280000 - 0x00007ffb7ca12000 	C:\WINDOWS\System32\SHELL32.dll
0x00007ffa6a960000 - 0x00007ffa6ad90000 	D:\UNSW\Vivado\Vivado\2024.1\lib\win64.o\python38.dll
0x00007ffb7a2c0000 - 0x00007ffb7a343000 	C:\WINDOWS\System32\WINTRUST.dll
0x00007ffb7c170000 - 0x00007ffb7c1f0000 	C:\WINDOWS\System32\WS2_32.dll
0x00007ffb447b0000 - 0x00007ffb447d1000 	D:\UNSW\Vivado\Vivado\2024.1\lib\win64.o\libboost_filesystem.dll
0x00007ffb7bc70000 - 0x00007ffb7bcd7000 	C:\WINDOWS\System32\SHLWAPI.dll
0x00007ffb71fc0000 - 0x00007ffb71fc9000 	D:\UNSW\Vivado\Vivado\2024.1\lib\win64.o\librdi_commonversion.dll
0x00007ffa6b2b0000 - 0x00007ffa6b451000 	D:\UNSW\Vivado\Vivado\2024.1\lib\win64.o\tcl86t.dll
0x00007ffa66c50000 - 0x00007ffa66fbe000 	D:\UNSW\Vivado\Vivado\2024.1\lib\win64.o\libCOIN-all.dll
0x00007ffb45d20000 - 0x00007ffb45d31000 	D:\UNSW\Vivado\Vivado\2024.1\lib\win64.o\libboost_date_time.dll
0x00007ffae86d0000 - 0x00007ffae874d000 	D:\UNSW\Vivado\Vivado\2024.1\lib\win64.o\libboost_program_options.dll
0x00007ffa6a840000 - 0x00007ffa6a954000 	D:\UNSW\Vivado\Vivado\2024.1\lib\win64.o\libboost_regex.dll
0x00007ffb45160000 - 0x00007ffb4517c000 	D:\UNSW\Vivado\Vivado\2024.1\lib\win64.o\libboost_thread.dll
0x00007ffb68980000 - 0x00007ffb6898c000 	D:\UNSW\Vivado\Vivado\2024.1\lib\win64.o\libboost_xilinx.dll
0x00007ffae7e30000 - 0x00007ffae7eb2000 	D:\UNSW\Vivado\Vivado\2024.1\lib\win64.o\libhdlpsolve.dll
0x00007ffa75b40000 - 0x00007ffa75cf7000 	D:\UNSW\Vivado\Vivado\2024.1\lib\win64.o\librdi_commonxillic.dll
0x00007ffa35110000 - 0x00007ffa36357800 	D:\UNSW\Vivado\Vivado\2024.1\lib\win64.o\libisl_iostreams.dll
0x00007ffb44660000 - 0x00007ffb4468a000 	D:\UNSW\Vivado\Vivado\2024.1\lib\win64.o\libisl_sysinfo.dll
0x00007ffb013d0000 - 0x00007ffb01435000 	D:\UNSW\Vivado\Vivado\2024.1\lib\win64.o\liblmx6.0.dll
0x00007ffb44f20000 - 0x00007ffb44f3a000 	D:\UNSW\Vivado\Vivado\2024.1\lib\win64.o\pthreadVC2.dll
0x00007ffb44400000 - 0x00007ffb4441c000 	D:\UNSW\Vivado\Vivado\2024.1\lib\win64.o\librdiconfig.dll
0x00007ffadeb00000 - 0x00007ffadebb7000 	D:\UNSW\Vivado\Vivado\2024.1\lib\win64.o\libzstd.dll
0x00007ffb539c0000 - 0x00007ffb539cc000 	C:\WINDOWS\SYSTEM32\VCRUNTIME140_1.dll
0x00007ffa66980000 - 0x00007ffa66c41000 	D:\UNSW\Vivado\Vivado\2024.1\lib\win64.o\xerces-c_3_2.dll
0x00007ffb55700000 - 0x00007ffb5571a000 	C:\WINDOWS\SYSTEM32\NETAPI32.dll
0x00007ffb5da10000 - 0x00007ffb5dca5000 	C:\WINDOWS\SYSTEM32\WININET.dll
0x00007ffb6fff0000 - 0x00007ffb70117000 	C:\WINDOWS\SYSTEM32\WINHTTP.dll
0x00007ffb5a5f0000 - 0x00007ffb5a7cc000 	C:\WINDOWS\SYSTEM32\urlmon.dll
0x00007ffb6e8a0000 - 0x00007ffb6e8aa000 	C:\WINDOWS\SYSTEM32\WSOCK32.dll
0x00007ffb434d0000 - 0x00007ffb43500000 	C:\WINDOWS\SYSTEM32\VCOMP140.DLL
0x00007ffb79f90000 - 0x00007ffb79fba000 	C:\WINDOWS\SYSTEM32\bcrypt.dll
0x00007ffb6f140000 - 0x00007ffb6f14b000 	C:\WINDOWS\SYSTEM32\VERSION.dll
0x00007ffa331f0000 - 0x00007ffa35107000 	D:\UNSW\Vivado\Vivado\2024.1\lib\win64.o\gurobi90.dll
0x00007ffb794f0000 - 0x00007ffb79522000 	C:\WINDOWS\SYSTEM32\USERENV.dll
0x00007ffb7a560000 - 0x00007ffb7a6d8000 	C:\WINDOWS\System32\CRYPT32.dll
0x00007ffb7b1e0000 - 0x00007ffb7b252000 	C:\WINDOWS\System32\WLDAP32.dll
0x00007ffb7ba70000 - 0x00007ffb7ba78000 	C:\WINDOWS\System32\Normaliz.dll
0x00007ffb44740000 - 0x00007ffb4476a000 	D:\UNSW\Vivado\Vivado\2024.1\lib\win64.o\zlib1.dll
0x00007ffa66fc0000 - 0x00007ffa672ed000 	D:\UNSW\Vivado\Vivado\2024.1\lib\win64.o\libXil_lmgr11.dll
0x00007ffb7bb70000 - 0x00007ffb7bc62000 	C:\WINDOWS\System32\COMDLG32.dll
0x00007ffb7b420000 - 0x00007ffb7b7a3000 	C:\WINDOWS\System32\combase.dll
0x00007ffb7afa0000 - 0x00007ffb7b097000 	C:\WINDOWS\System32\shcore.dll
0x00007ffb7b7c0000 - 0x00007ffb7b899000 	C:\WINDOWS\System32\OLEAUT32.dll
0x00007ffb440d0000 - 0x00007ffb440ec000 	D:\UNSW\Vivado\Vivado\2024.1\lib\win64.o\libboost_iostreams.dll
0x00007ffb7b280000 - 0x00007ffb7b419000 	C:\WINDOWS\System32\ole32.dll
0x00007ffb431b0000 - 0x00007ffb431d4000 	D:\UNSW\Vivado\Vivado\2024.1\lib\win64.o\libisl_iosutils.dll
0x00007ffb77b20000 - 0x00007ffb783b2000 	C:\WINDOWS\SYSTEM32\windows.storage.dll
0x00007ffb58060000 - 0x00007ffb58325000 	C:\WINDOWS\SYSTEM32\iertutil.dll
0x00007ffb63e60000 - 0x00007ffb63f15000 	C:\WINDOWS\WinSxS\amd64_microsoft.windows.common-controls_6595b64144ccf1df_5.82.26100.8328_none_87eede957a2ccddd\COMCTL32.dll
0x00007ffb707b0000 - 0x00007ffb707d5000 	C:\WINDOWS\SYSTEM32\dhcpcsvc.DLL
0x00007ffb58010000 - 0x00007ffb58039000 	C:\WINDOWS\SYSTEM32\srvcli.dll
0x00007ffb78760000 - 0x00007ffb7876d000 	C:\WINDOWS\SYSTEM32\netutils.dll
0x00007ffb43ef0000 - 0x00007ffb43f09000 	D:\UNSW\Vivado\Vivado\2024.1\lib\win64.o\librdizlib.dll
0x00007ffb791e0000 - 0x00007ffb79227000 	C:\WINDOWS\SYSTEM32\LOGONCLI.DLL
0x00007ffb78700000 - 0x00007ffb7871b000 	C:\WINDOWS\SYSTEM32\SAMCLI.DLL
0x00007ffae79f0000 - 0x00007ffae7a95000 	D:\UNSW\Vivado\Vivado\2024.1\lib\win64.o\libhdxml.dll
0x00007ffb79430000 - 0x00007ffb7949c000 	C:\WINDOWS\SYSTEM32\MSWSOCK.DLL
0x00007ffb7af50000 - 0x00007ffb7af82000 	C:\WINDOWS\System32\IMM32.DLL
0x00007ffb798a0000 - 0x00007ffb798b3000 	C:\WINDOWS\SYSTEM32\MSASN1.dll
0x00007ffb78e70000 - 0x00007ffb78e8b000 	C:\WINDOWS\SYSTEM32\kernel.appcore.dll
0x00007ffb79750000 - 0x00007ffb7976b000 	C:\WINDOWS\SYSTEM32\CRYPTSP.dll
0x00007ffb78dd0000 - 0x00007ffb78e09000 	C:\WINDOWS\system32\rsaenh.dll
0x00007ffb79770000 - 0x00007ffb7977c000 	C:\WINDOWS\SYSTEM32\CRYPTBASE.dll
0x00007ffb7a6e0000 - 0x00007ffb7a78c000 	C:\WINDOWS\System32\bcryptPrimitives.dll
0x00007ffb7c200000 - 0x00007ffb7c220000 	C:\WINDOWS\System32\imagehlp.dll
0x00007ffa54800000 - 0x00007ffa54d76000 	D:\UNSW\Vivado\Vivado\2024.1\lib\win64.o\librdi_commontasks.dll
0x00007ffa32460000 - 0x00007ffa331e1000 	D:\UNSW\Vivado\Vivado\2024.1\tps\win64\jre21.0.1_12\bin\server\jvm.dll
0x00007ffa609e0000 - 0x00007ffa60d0e800 	D:\UNSW\Vivado\Vivado\2024.1\lib\win64.o\librdi_sio.dll
0x00007ffb78780000 - 0x00007ffb787b3000 	C:\WINDOWS\SYSTEM32\IPHLPAPI.DLL
0x00007ffb78bb0000 - 0x00007ffb78c0e000 	C:\WINDOWS\SYSTEM32\POWRPROF.dll
0x00007ffb6a150000 - 0x00007ffb6a186000 	C:\WINDOWS\SYSTEM32\WINMM.dll
0x00007ffb78b90000 - 0x00007ffb78ba4000 	C:\WINDOWS\SYSTEM32\UMPDC.dll
0x00007ffb794b0000 - 0x00007ffb794df000 	C:\WINDOWS\SYSTEM32\gpapi.dll
0x00007ffb6de60000 - 0x00007ffb6de9b000 	C:\Windows\System32\cryptnet.dll
0x00007ffb79fc0000 - 0x00007ffb79fe9000 	C:\WINDOWS\SYSTEM32\profapi.dll
0x00007ffb76ef0000 - 0x00007ffb76efe000 	C:\WINDOWS\SYSTEM32\WINNSI.DLL
0x00007ffb7b7b0000 - 0x00007ffb7b7ba000 	C:\WINDOWS\System32\NSI.dll
0x00007ffb79120000 - 0x00007ffb79169000 	C:\WINDOWS\SYSTEM32\SspiCli.dll
0x00007ffb4d740000 - 0x00007ffb4d758000 	C:\WINDOWS\system32\napinsp.dll
0x00007ffb78810000 - 0x00007ffb78966000 	C:\WINDOWS\SYSTEM32\DNSAPI.dll
0x00007ffb79230000 - 0x00007ffb7923d000 	C:\WINDOWS\SYSTEM32\DSPARSE.dll
0x00007ffb4d720000 - 0x00007ffb4d733000 	C:\WINDOWS\System32\winrnr.dll
0x00007ffb4cce0000 - 0x00007ffb4cd02000 	C:\WINDOWS\system32\nlansp_c.dll
0x00007ffb6efa0000 - 0x00007ffb6efb6000 	C:\WINDOWS\system32\wshbth.dll
0x00007ffb6edb0000 - 0x00007ffb6edcb000 	C:\WINDOWS\SYSTEM32\wkscli.dll
0x00007ffb4d6a0000 - 0x00007ffb4d6b3000 	C:\WINDOWS\SYSTEM32\cscapi.dll
0x00007ffa2f520000 - 0x00007ffa3245c000 	D:\UNSW\Vivado\Vivado\2024.1\lib\win64.o\librdi_tcltasks.dll
0x00007ffa54310000 - 0x00007ffa54800000 	D:\UNSW\Vivado\Vivado\2024.1\lib\win64.o\librdi_bitstream.dll
0x00007ffb42d40000 - 0x00007ffb42d84000 	D:\UNSW\Vivado\Vivado\2024.1\lib\win64.o\libboost_serialization.dll
0x00007ffa67a30000 - 0x00007ffa67c31000 	D:\UNSW\Vivado\Vivado\2024.1\lib\win64.o\librdi_board.dll
0x00007ffae71e0000 - 0x00007ffae7263000 	D:\UNSW\Vivado\Vivado\2024.1\lib\win64.o\librdi_boarddep.dll
0x00007ffa2a300000 - 0x00007ffa2ce47000 	D:\UNSW\Vivado\Vivado\2024.1\lib\win64.o\librdi_constraints.dll
0x00007ffa604c0000 - 0x00007ffa606c5000 	D:\UNSW\Vivado\Vivado\2024.1\lib\win64.o\librdi_chipscopeimpl.dll
0x00007ffa66850000 - 0x00007ffa66973000 	D:\UNSW\Vivado\Vivado\2024.1\lib\win64.o\librdi_chipscope.dll
0x00007ffa666e0000 - 0x00007ffa6684e000 	D:\UNSW\Vivado\Vivado\2024.1\lib\win64.o\librdi_containers.dll
0x00007ffa259d0000 - 0x00007ffa28145000 	D:\UNSW\Vivado\Vivado\2024.1\lib\win64.o\librdi_coregen.dll
0x00007ffa2d5d0000 - 0x00007ffa2f516000 	D:\UNSW\Vivado\Vivado\2024.1\lib\win64.o\librdi_designutils.dll
0x00007ffa28cc0000 - 0x00007ffa2a2f9000 	D:\UNSW\Vivado\Vivado\2024.1\lib\win64.o\librdi_device.dll
0x00007ffb43540000 - 0x00007ffb43553000 	D:\UNSW\Vivado\Vivado\2024.1\lib\win64.o\librdi_dfx.dll
0x00007ffa5bcb0000 - 0x00007ffa5c082000 	D:\UNSW\Vivado\Vivado\2024.1\lib\win64.o\librdi_dlyest.dll
0x00007ffa2ce50000 - 0x00007ffa2d5c2000 	D:\UNSW\Vivado\Vivado\2024.1\lib\win64.o\librdi_drc.dll
0x00007ffa75a80000 - 0x00007ffa75b34000 	D:\UNSW\Vivado\Vivado\2024.1\lib\win64.o\librdi_dsp.dll
0x00007ffa28470000 - 0x00007ffa28cbe000 	D:\UNSW\Vivado\Vivado\2024.1\lib\win64.o\librdi_filemgmt.dll
0x00007ffae75b0000 - 0x00007ffae7619000 	D:\UNSW\Vivado\Vivado\2024.1\lib\win64.o\librdi_hdf.dll
0x00007ffa28150000 - 0x00007ffa28461000 	D:\UNSW\Vivado\Vivado\2024.1\lib\win64.o\librdi_hip_devdesign.dll
0x00007ffa66500000 - 0x00007ffa66650000 	D:\UNSW\Vivado\Vivado\2024.1\lib\win64.o\librdi_hip_perf_analysis.dll
0x00007ffa22e10000 - 0x00007ffa2425f000 	D:\UNSW\Vivado\Vivado\2024.1\lib\win64.o\librdi_implflow.dll
0x00007ffa24b40000 - 0x00007ffa259c4000 	D:\UNSW\Vivado\Vivado\2024.1\lib\win64.o\librdi_ippcw.dll
0x00007ffa24260000 - 0x00007ffa24b3a000 	D:\UNSW\Vivado\Vivado\2024.1\lib\win64.o\librdi_lopt.dll
0x00007ffa1fcd0000 - 0x00007ffa227ad000 	D:\UNSW\Vivado\Vivado\2024.1\lib\win64.o\librdi_mig.dll

dbghelp: loaded successfully - version: 4.0.5 - missing functions: none
symbol engine: initialized successfully - sym options: 0x614 - pdb path: .;D:\UNSW\Vivado\Vivado\2024.1\bin\unwrapped\win64.o;C:\WINDOWS\SYSTEM32;D:\UNSW\Vivado\Vivado\2024.1\lib\win64.o;C:\WINDOWS\WinSxS\amd64_microsoft.windows.common-controls_6595b64144ccf1df_5.82.26100.8328_none_87eede957a2ccddd;D:\UNSW\Vivado\Vivado\2024.1\tps\win64\jre21.0.1_12\bin\server;D:\UNSW\Vivado\Vivado\2024.1\tps\win64\jre21.0.1_12\bin

VM Arguments:
jvm_args: -Dsun.java2d.pmoffscreen=false -Dhttps.protocols=TLSv1,TLSv1.1,TLSv1.2 -Dsun.java2d.xrender=false -Dsun.java2d.d3d=false -Dsun.awt.nopixfmt=true -Dsun.java2d.dpiaware=true -Dsun.java2d.uiScale.enabled=false -Dswing.aatext=true -XX:-UsePerfData -Djdk.map.althashing.threshold=512 -XX:StringTableSize=4072 -XX:+UseStringDeduplication -XX:MaxGCPauseMillis=200 -XX:+ParallelRefProcEnabled --add-opens=java.desktop/javax.swing.plaf.synth=ALL-UNNAMED --add-opens=java.base/java.nio=ALL-UNNAMED --add-opens=java.desktop/sun.swing=ALL-UNNAMED --add-opens=java.desktop/javax.swing=ALL-UNNAMED --add-opens=java.desktop/javax.swing.tree=ALL-UNNAMED --add-opens=java.desktop/javax.swing.plaf.basic=ALL-UNNAMED --add-opens=java.desktop/javax.swing.plaf.synth=ALL-UNNAMED --add-opens=java.desktop/javax.swing.plaf.basic=ALL-UNNAMED --add-opens=java.desktop/javax.swing=ALL-UNNAMED --add-opens=java.desktop/javax.swing.tree=ALL-UNNAMED --add-opens=java.desktop/java.awt.event=ALL-UNNAMED --add-exports=java.desktop/javax.swing.plaf.synth=ALL-UNNAMED --add-exports=java.base/java.nio=ALL-UNNAMED --add-exports=java.desktop/sun.swing=ALL-UNNAMED --add-exports=java.desktop/javax.swing=ALL-UNNAMED --add-exports=java.desktop/javax.swing.tree=ALL-UNNAMED --add-exports=java.desktop/javax.swing.plaf.basic=ALL-UNNAMED --add-exports=java.desktop/sun.swing=ALL-UNNAMED --add-exports=java.desktop/sun.swing.table=ALL-UNNAMED --add-exports=java.desktop/sun.swing.plaf.synth=ALL-UNNAMED --add-exports=java.desktop/sun.awt.shell=ALL-UNNAMED --add-exports=java.base/sun.security.action=ALL-UNNAMED --add-exports=java.desktop/sun.font=ALL-UNNAMED -XX:NewSize=80m -XX:MaxNewSize=80m -Xms512m -Xmx4072m -Xss10m 
java_command: <unknown>
java_class_path (initial): D:/UNSW/Vivado/Vivado/2024.1\lib\classes\alloy.jar;D:/UNSW/Vivado/Vivado/2024.1\lib\classes\asm-9.6.jar;D:/UNSW/Vivado/Vivado/2024.1\lib\classes\asm-analysis-9.6.jar;D:/UNSW/Vivado/Vivado/2024.1\lib\classes\asm-commons-9.6.jar;D:/UNSW/Vivado/Vivado/2024.1\lib\classes\asm-tree-9.6.jar;D:/UNSW/Vivado/Vivado/2024.1\lib\classes\autoesl-models.jar;D:/UNSW/Vivado/Vivado/2024.1\lib\classes\batik-anim.jar;D:/UNSW/Vivado/Vivado/2024.1\lib\classes\batik-awt-util.jar;D:/UNSW/Vivado/Vivado/2024.1\lib\classes\batik-bridge.jar;D:/UNSW/Vivado/Vivado/2024.1\lib\classes\batik-codec.jar;D:/UNSW/Vivado/Vivado/2024.1\lib\classes\batik-constants.jar;D:/UNSW/Vivado/Vivado/2024.1\lib\classes\batik-css.jar;D:/UNSW/Vivado/Vivado/2024.1\lib\classes\batik-dom.jar;D:/UNSW/Vivado/Vivado/2024.1\lib\classes\batik-ext.jar;D:/UNSW/Vivado/Vivado/2024.1\lib\classes\batik-gui-util.jar;D:/UNSW/Vivado/Vivado/2024.1\lib\classes\batik-gvt.jar;D:/UNSW/Vivado/Vivado/2024.1\lib\classes\batik-i18n.jar;D:/UNSW/Vivado/Vivado/2024.1\lib\classes\batik-parser.jar;D:/UNSW/Vivado/Vivado/2024.1\lib\classes\batik-script.jar;D:/UNSW/Vivado/Vivado/2024.1\lib\classes\batik-svg-dom.jar;D:/UNSW/Vivado/Vivado/2024.1\lib\classes\batik-svggen.jar;D:/UNSW/Vivado/Vivado/2024.1\lib\classes\batik-swing.jar;D:/UNSW/Vivado/Vivado/2024.1\lib\classes\batik-transcoder.jar;D:/UNSW/Vivado/Vivado/2024.1\lib\classes\batik-util.jar;D:/UNSW/Vivado/Vivado/2024.1\lib\classes\batik-xml.jar;D:/UNSW/Vivado/Vivado/2024.1\lib\classes\com.fasterxml.jackson.core.jackson-annotations_2.12.1.v20210128-1726.jar;D:/UNSW/Vivado/Vivado/2024.1\lib\classes\com.fasterxml.jackson.core.jackson-core_2.12.1.v20210128-1726.jar;D:/UNSW/Vivado/Vivado/2024.1\lib\classes\com.fasterxml.jackson.core.jackson-databind_2.12.1.v20210128-1726.jar;D:/UNSW/Vivado/Vivado/2024.1\lib\classes\com.google.gson_2.8.9.v20220111-1409.jar;D:/UNSW/Vivado/Vivado/2024.1\lib\classes\com.google.guava_30.1.0.v20210127-2300.jar;D:/UNSW/Vivado/Vivado/2024.1\lib\classes\com.sigasi.hdt.connection_4.17.2.202304211001.jar;D:/UNSW/Vivado/Vivado/2024.1\lib\classes\com.sigasi.hdt.epl_4.17.2.202304211001.jar;D:/UNSW/Vivado/Vivado/2024.1\lib\classes\com.sigasi.hdt.project_4.17.2.202304211001.jar;D:/UNSW/Vivado/Vivado/2024.1\lib\classes\com.sigasi.hdt.readonlyfilesystem_4.17.2.202304211001.jar;D:/UNSW/Vivado/Vivado/2024.1\lib\classes\com.sigasi.hdt.shared_4.17.2.202304211001.jar;D:/UNSW/Vivado/Vivado/2024.1\lib\classes\com.sigasi.lcm_4.17.2.202304211001.jar;D:/UNSW/Vivado/Vivado/2024.1\lib\classes\com.sigasi.lsp.server.extensions_4.17.2.202304211001.jar;D:/UNSW/Vivado/Vivado/2024.1\lib\classes\com.sigasi.sdk.client_1.5.0.202304211001.jar;D:/UNSW/Vivado/Vivado/2024.1\lib\classes\commons-collections4-4.1.jar;D:/UNSW/Vivado/Vivado/2024.1\lib\classes\commons-compress-1.21.jar;D:/UNSW/Vivado/Vivado/2024.1\lib\classes\commons-io-2.15.0.jar;D:/UNSW/Vivado/Vivado/2024.1\lib\classes\commons-io-2.6.jar;D:/UNSW/Vivado/Vivado/2024.1\lib\classes\commons-lang3-3.14.0.jar;D:/UNSW/Vivado/Vivado/2024.1\lib\classes\commons-math-2.2.jar;D:/UNSW/Vivado/Vivado/2024.1\lib\classes\Dispatch.jar;D:/UNSW/Vivado/Vivado/2024.1\lib\classes\DispatchClient.jar;D:/UNSW/Vivado/Vivado/2024.1\lib\classes\DispatchClientEx.jar;D:/UNSW/Vivado/Vivado/2024.1\lib\classes\dom4j-1.6.1.jar;D:/UNSW/Vivado/Vivado/2024.1\lib\classes\FrankFrameworks.jar;D:/UNSW/Vivado/Vivado/2024.1\lib\classes\FrankFrameworksTest.jar;D:/UNSW/Vivado/Vivado/2024.1\lib\classes\help.jar;D:/UNSW/Vivado/Vivado/2024.1\lib\classes\hsqldb.jar;D:/UNSW/Vivado/Vivado/2024.1\lib\classes\jakarta.annotation-api-2.1.0.jar;D:/UNSW/Vivado/Vivado/2024.1\lib\classes\jakarta.json-2.0.0-RC2.jar;D:/UNSW/Vivado/Vivado/2024.1\lib\classes\jakarta.json-api-2.0.0-RC2.jar;D:/UNSW/Vivado/Vivado/2024.1\lib\classes\jakarta.transaction-api-2.0.0.jar;D:/UNSW/Vivado/Vivado/2024.1\lib\classes\jaxb-api-2.3.0.jar;D:/UNSW/Vivado/Vivado/2024.1\lib\classes\jericho-html-3.4.jar;D:/UNSW/Vivado/Vivado/2024.1\lib\classes\jetty-jakarta-servlet-api-5.0.2.jar;D:/UNSW/Vivado/Vivado/2024.1\lib\classes\jh.jar;D:/UNSW/Vivado/Vivado/2024.1\lib\classes\jide-action.jar;D:/UNSW/Vivado/Vivado/2024.1\lib\classes\jide-charts.jar;D:/UNSW/Vivado/Vivado/2024.1\lib\classes\jide-common.jar;D:/UNSW/Vivado/Vivado/2024.1\lib\classes\jide-components.jar;D:/UNSW/Vivado/Vivado/2024.1\lib\classes\jide-dashboard.jar;D:/UNSW/Vivado/Vivado/2024.1\lib\classes\jide-data.jar;D:/UNSW/Vivado/Vivado/2024.1\lib\classes\jide-dialogs.jar;D:/UNSW/Vivado/Vivado/2024.1\lib\classes\jide-diff.jar;D:/UNSW/Vivado/Vivado/2024.1\lib\classes\jide-dock.jar;D:/UNSW/Vivado/Vivado/2024.1\lib\classes\jide-editor.jar;D:/UNSW/Vivado/Vivado/2024.1\lib\classes\jide-gantt.jar;D:/UNSW/Vivado/Vivado/2024.1\lib\classes\jide-grids.jar;D:/UNSW/Vivado/Vivado/2024.1\lib\classes\jide-pivot.jar;D:/UNSW/Vivado/Vivado/2024.1\lib\classes\jide-plaf-jdk7.jar;D:/UNSW/Vivado/Vivado/2024.1\lib\classes\jide-properties.jar;D:/UNSW/Vivado/Vivado/2024.1\lib\classes\jide-shortcut.jar;D:/UNSW/Vivado/Vivado/2024.1\lib\classes\jide-treemap.jar;D:/UNSW/Vivado/Vivado/2024.1\lib\classes\JRCClient.jar;D:/UNSW/Vivado/Vivado/2024.1\lib\classes\JRCClientEx.jar;D:/UNSW/Vivado/Vivado/2024.1\lib\classes\junit-jupiter-5.4.2.jar;D:/UNSW/Vivado/Vivado/2024.1\lib\classes\junit-jupiter-api-5.4.2.jar;D:/UNSW/Vivado/Vivado/2024.1\lib\classes\junit-jupiter-engine-5.4.2.jar;D:/UNSW/Vivado/Vivado/2024.1\lib\classes\junit-jupiter-migrationsupport-5.4.2.jar;D:/UNSW/Vivado/Vivado/2024.1\lib\classes\junit-jupiter-params-5.4.2.jar;D:/UNSW/Vivado/Vivado/2024.1\lib\classes\junit-platform-commons-1.4.2.jar;D:/UNSW/Vivado/Vivado/2024.1\lib\classes\junit-platform-console-1.4.2.jar;D:/UNSW/Vivado/Vivado/2024.1\lib\classes\junit-platform-console-standalone-1.4.2.jar;D:/UNSW/Vivado/Vivado/2024.1\lib\classes\junit-platform-engine-1.4.2.jar;D:/UNSW/Vivado/Vivado/2024.1\lib\classes\junit-platform-launcher-1.4.2.jar;D:/UNSW/Vivado/Vivado/2024.1\lib\classes\junit-platform-reporting-1.4.2.jar;D:/UNSW/Vivado/Vivado/2024.1\lib\classes\junit-platform-runner-1.4.2.jar;D:/UNSW/Vivado/Vivado/2024.1\lib\classes\junit-platform-suite-api-1.4.2.jar;D:/UNSW/Vivado/Vivado/2024.1\lib\classes\junit-platform-testkit-1.4.2.jar;D:/UNSW/Vivado/Vivado/2024.1\lib\classes\junit-vintage-engine-5.4.2.jar;D:/UNSW/Vivado/Vivado/2024.1\lib\classes\justify-3.0.0-RC2.jar;D:/UNSW/Vivado/Vivado/2024.1\lib\classes\jydocking.jar;D:/UNSW/Vivado/Vivado/2024.1\lib\classes\jytable.jar;D:/UNSW/Vivado/Vivado/2024.1\lib\classes\jywidgets.jar;D:/UNSW/Vivado/Vivado/2024.1\lib\classes\log4j-1.2-api-2.17.1.jar;D:/UNSW/Vivado/Vivado/2024.1\lib\classes\log4j-api-2.17.1.jar;D:/UNSW/Vivado/Vivado/2024.1\lib\classes\log4j-core-2.17.1.jar;D:/UNSW/Vivado/Vivado/2024.1\lib\classes\lucene-analyzers-common-4.10.2.jar;D:/UNSW/Vivado/Vivado/2024.1\lib\classes\lucene-core-4.10.2.jar;D:/UNSW/Vivado/Vivado/2024.1\lib\classes\lucene-queryparser-4.10.2.jar;D:/UNSW/Vivado/Vivado/2024.1\lib\classes\methodologies.jar;D:/UNSW/Vivado/Vivado/2024.1\lib\classes\miglayout-3.7.3.1-sources.jar;D:/UNSW/Vivado/Vivado/2024.1\lib\classes\miglayout-3.7.3.1-swing.jar;D:/UNSW/Vivado/Vivado/2024.1\lib\classes\Nlview.jar;D:/UNSW/Vivado/Vivado/2024.1\lib\classes\org.apache.commons.lang_2.6.0.v201404270220.jar;D:/UNSW/Vivado/Vivado/2024.1\lib\classes\org.eclipse.core.commands-3.6.0.jar;D:/UNSW/Vivado/Vivado/2024.1\lib\classes\org.eclipse.core.filesystem_1.7.400.v20190518-1151.jar;D:/UNSW/Vivado/Vivado/2024.1\lib\classes\org.eclipse.core.jobs_3.10.400.v20190506-1457.jar;D:/UNSW/Vivado/Vivado/2024.1\lib\classes\org.eclipse.core.resources_3.13.400.v20190505-1655.jar;D:/UNSW/Vivado/Vivado/2024.1\lib\classes\org.eclipse.emf.common_2.18.0.v20191225-1014.jar;D:/UNSW/Vivado/Vivado/2024.1\lib\classes\org.eclipse.emf.common_2.24.0.v20220123-0838.jar;D:/UNSW/Vivado/Vivado/2024.1\lib\classes\org.eclipse.emf.ecore.xmi_2.16.0.v20190528-0725.jar;D:/UNSW/Vivado/Vivado/2024.1\lib\classes\org.eclipse.emf.ecore_2.21.0.v20200127-1342.jar;D:/UNSW/Vivado/Vivado/2024.1\lib\classes\org.eclipse.equinox.common_3.11.0.v20200206-0817.jar;D:/UNSW/Vivado/Vivado/2024.1\lib\classes\org.eclipse.equinox.registry_3.8.400.v20190516-1504.jar;D:/UNSW/Vivado/Vivado/2024.1\lib\classes\org.eclipse.jetty.alpn.client_11.0.18.jar;D:/UNSW/Vivado/Vivado/2024.1\lib\classes\org.eclipse.jetty.annotations_11.0.18.jar;D:/UNSW/Vivado/Vivado/2024.1\lib\classes\org.eclipse.jetty.client_11.0.18.jar;D:/UNSW/Vivado/Vivado/2024.1\lib\classes\org.eclipse.jetty.http_11.0.18.jar;D:/UNSW/Vivado/Vivado/2024.1\lib\classes\org.eclipse.jetty.io_11.0.18.jar;D:/UNSW/Vivado/Vivado/2024.1\lib\classes\org.eclipse.jetty.jndi_11.0.18.jar;D:/UNSW/Vivado/Vivado/2024.1\lib\classes\org.eclipse.jetty.plus_11.0.18.jar;D:/UNSW/Vivado/Vivado/2024.1\lib\classes\org.eclipse.jetty.security_11.0.18.jar;D:/UNSW/Vivado/Vivado/2024.1\lib\classes\org.eclipse.jetty.server_11.0.18.jar;D:/UNSW/Vivado/Vivado/2024.1\lib\classes\org.eclipse.jetty.servlet_11.0.18.jar;D:/UNSW/Vivado/Vivado/2024.1\lib\classes\org.eclipse.jetty.util_11.0.18.jar;D:/UNSW/Vivado/Vivado/2024.1\lib\classes\org.eclipse.jetty.webapp_11.0.18.jar;D:/UNSW/Vivado/Vivado/2024.1\lib\classes\org.eclipse.jetty.websocket.api_11.0.18.jar;D:/UNSW/Vivado/Vivado/2024.1\lib\classes\org.eclipse.jetty.websocket.client_11.0.18.jar;D:/UNSW/Vivado/Vivado/2024.1\lib\classes\org.eclipse.jetty.websocket.common_11.0.18.jar;D:/UNSW/Vivado/Vivado/2024.1\lib\classes\org.eclipse.jetty.websocket.core.client_11.0.18.jar;D:/UNSW/Vivado/Vivado/2024.1\lib\classes\org.eclipse.jetty.websocket.core.common_11.0.18.jar;D:/UNSW/Vivado/Vivado/2024.1\lib\classes\org.eclipse.jetty.websocket.core.server_11.0.18.jar;D:/UNSW/Vivado/Vivado/2024.1\lib\classes\org.eclipse.jetty.websocket.server_11.0.18.jar;D:/UNSW/Vivado/Vivado/2024.1\lib\classes\org.eclipse.jetty.websocket.servlet_11.0.18.jar;D:/UNSW/Vivado/Vivado/2024.1\lib\classes\org.eclipse.jetty.xml_11.0.18.jar;D:/UNSW/Vivado/Vivado/2024.1\lib\classes\org.eclipse.lsp4j.jsonrpc_0.12.0.v20210402-1305.jar;D:/UNSW/Vivado/Vivado/2024.1\lib\classes\org.eclipse.lsp4j_0.12.0.v20210402-1305.jar;D:/UNSW/Vivado/Vivado/2024.1\lib\classes\org.eclipse.xtext.util_2.18.0.v20190603-1042.jar;D:/UNSW/Vivado/Vivado/2024.1\lib\classes\org.eclipse.xtext.util_2.26.0.v20220228-0751.jar;D:/UNSW/Vivado/Vivado/2024.1\lib\classes\org.eclipse.xtext.xbase.lib_2.26.0.v20220228-0748.jar;D:/UNSW/Vivado/Vivado/2024.1\lib\classes\picocli-4.1.2.jar;D:/UNSW/Vivado/Vivado/2024.1\lib\classes\planAhead.jar;D:/UNSW/Vivado/Vivado/2024.1\lib\classes\poi-4.1.1.jar;D:/UNSW/Vivado/Vivado/2024.1\lib\classes\poi-ooxml-4.1.1.jar;D:/UNSW/Vivado/Vivado/2024.1\lib\classes\poi-ooxml-schemas-4.1.1.jar;D:/UNSW/Vivado/Vivado/2024.1\lib\classes\protobuf-java-3.21.12.jar;D:/UNSW/Vivado/Vivado/2024.1\lib\classes\protobuf-java-util-3.21.12.jar;D:/UNSW/Vivado/Vivado/2024.1\lib\classes\relnotes.jar;D:/UNSW/Vivado/Vivado/2024.1\lib\classes\RuleService.jar;D:/UNSW/Vivado/Vivado/2024.1\lib\classes\slf4j-api-2.0.9.jar;D:/UNSW/Vivado/Vivado/2024.1\lib\classes\swingx-core-1.6.2.jar;D:/UNSW/Vivado/Vivado/2024.1\lib\classes\synthetica.jar;D:/UNSW/Vivado/Vivado/2024.1\lib\classes\syntheticaAddons.jar;D:/UNSW/Vivado/Vivado/2024.1\lib\classes\syntheticaDark.jar;D:/UNSW/Vivado/Vivado/2024.1\lib\classes\syntheticaDarkAddon.jar;D:/UNSW/Vivado/Vivado/2024.1\lib\classes\syntheticaPlain.jar;D:/UNSW/Vivado/Vivado/2024.1\lib\classes\syntheticaPlainAddon.jar;D:/UNSW/Vivado/Vivado/2024.1\lib\classes\sysgen.jar;D:/UNSW/Vivado/Vivado/2024.1\lib\classes\tutorial.jar;D:/UNSW/Vivado/Vivado/2024.1\lib\classes\userguide.jar;D:/UNSW/Vivado/Vivado/2024.1\lib\classes\VlmGUI.jar;D:/UNSW/Vivado/Vivado/2024.1\lib\classes\xml-apis-ext.jar;D:/UNSW/Vivado/Vivado/2024.1\lib\classes\xmlbeans-3.1.0.jar;D:/UNSW/Vivado/Vivado/2024.1\lib\classes\xmlgraphics-commons.jar;D:/UNSW/Vivado/Vivado/2024.1\lib\classes\yfiles-for-java-swing.jar;D:/UNSW/Vivado/Vivado/2024.1\lib\classes\windows\gluegen-rt-natives-windows-amd64.jar;D:/UNSW/Vivado/Vivado/2024.1\lib\classes\windows\gluegen-rt.jar;D:/UNSW/Vivado/Vivado/2024.1\lib\classes\windows\javafx-swt.jar;D:/UNSW/Vivado/Vivado/2024.1\lib\classes\windows\javafx.base.jar;D:/UNSW/Vivado/Vivado/2024.1\lib\classes\windows\javafx.controls.jar;D:/UNSW/Vivado/Vivado/2024.1\lib\classes\windows\javafx.fxml.jar;D:/UNSW/Vivado/Vivado/2024.1\lib\classes\windows\javafx.graphics.jar;D:/UNSW/Vivado/Vivado/2024.1\lib\classes\windows\javafx.media.jar;D:/UNSW/Vivado/Vivado/2024.1\lib\classes\windows\javafx.swing.jar;D:/UNSW/Vivado/Vivado/2024.1\lib\classes\windows\javafx.web.jar;D:/UNSW/Vivado/Vivado/2024.1\lib\classes\windows\jcef-tests.jar;D:/UNSW/Vivado/Vivado/2024.1\lib\classes\windows\jcef.jar;D:/UNSW/Vivado/Vivado/2024.1\lib\classes\windows\jogl-all-natives-windows-amd64.jar;D:/UNSW/Vivado/Vivado/2024.1\lib\classes\windows\jogl-all.jar
Launcher Type: generic

[Global flags]
     intx CICompilerCount                          = 12                                        {product} {ergonomic}
     uint ConcGCThreads                            = 3                                         {product} {ergonomic}
     uint G1ConcRefinementThreads                  = 13                                        {product} {ergonomic}
   size_t G1HeapRegionSize                         = 2097152                                   {product} {ergonomic}
    uintx GCDrainStackTargetSize                   = 64                                        {product} {ergonomic}
   size_t InitialHeapSize                          = 536870912                                 {product} {command line}
   size_t MarkStackSize                            = 4194304                                   {product} {ergonomic}
    uintx MaxGCPauseMillis                         = 200                                       {product} {command line}
   size_t MaxHeapSize                              = 4269801472                                {product} {command line}
   size_t MaxNewSize                               = 83886080                                  {product} {command line}
   size_t MinHeapDeltaBytes                        = 2097152                                   {product} {ergonomic}
   size_t MinHeapSize                              = 536870912                                 {product} {command line}
   size_t NewSize                                  = 83886080                                  {product} {command line}
    uintx NonNMethodCodeHeapSize                   = 7602480                                {pd product} {ergonomic}
    uintx NonProfiledCodeHeapSize                  = 122027880                              {pd product} {ergonomic}
     bool ParallelRefProcEnabled                   = true                                      {product} {command line}
    uintx ProfiledCodeHeapSize                     = 122027880                              {pd product} {ergonomic}
    uintx ReservedCodeCacheSize                    = 251658240                              {pd product} {ergonomic}
     bool SegmentedCodeCache                       = true                                      {product} {ergonomic}
   size_t SoftMaxHeapSize                          = 4269801472                             {manageable} {ergonomic}
    uintx StringTableSize                          = 4072                                      {product} {command line}
     intx ThreadStackSize                          = 10240                                  {pd product} {command line}
     bool UseCompressedOops                        = true                           {product lp64_product} {ergonomic}
     bool UseG1GC                                  = true                                      {product} {ergonomic}
     bool UseLargePagesIndividualAllocation        = false                                  {pd product} {ergonomic}
     bool UsePerfData                              = false                                     {product} {command line}
     bool UseStringDeduplication                   = true                                      {product} {command line}

Logging:
Log output configuration:
 #0: stdout all=warning uptime,level,tags foldmultilines=false
 #1: stderr all=off uptime,level,tags foldmultilines=false

Environment Variables:
PATH=D:/UNSW/Vivado/Vivado/2024.1\gnuwin\bin;D:/UNSW/Vivado/Vivado/2024.1\gnu\microblaze\nt\bin;D:/UNSW/Vivado/Vivado/2024.1/bin;D:/UNSW/Vivado/Vivado/2024.1/tps/win64/java-cef-95.0.4638.69/bin/lib/win64;D:/UNSW/Vivado/Vivado/2024.1/tps/win64/javafx-sdk-21.0.1/lib;D:/UNSW/Vivado/Vivado/2024.1/tps/win64/javafx-sdk-21.0.1/bin;D:/UNSW/Vivado/Vivado/2024.1/lib/win64.o;D:/UNSW/Vivado/Vivado/2024.1/tps/win64/jre21.0.1_12/bin/server;D:/UNSW/Vivado/Vivado/2024.1/tps/win64/jre21.0.1_12/bin;D:/UNSW/Vivado/Vitis/2024.1/bin;D:/UNSW/Vivado/Vivado/2024.1/ids_lite/ISE/bin/nt64;D:/UNSW/Vivado/Vivado/2024.1/ids_lite/ISE/lib/nt64;D:/UNSW/Vivado/Vitis_HLS/2024.1/bin;C:\Windows\system32;C:\Windows;C:\Windows\System32\Wbem;C:\Windows\System32\WindowsPowerShell\v1.0\;C:\Windows\System32\OpenSSH\;C:\Program Files (x86)\NVIDIA Corporation\PhysX\Common;C:\Program Files\NVIDIA Corporation\NVIDIA NvDLISR;C:\Program Files\dotnet\;D:\UNSW\matlab\bin;C:\Program Files\usbipd-win\;D:\UNSW\Git\Git\cmd;C:\Program Files\Git\cmd;C:\Program Files\Tailscale\;D:\UNSW\Python\Scripts\;D:\UNSW\Python\;C:\Users\YUHENG\AppData\Local\Programs\Python\Launcher\;C:\Users\YUHENG\AppData\Local\Microsoft\WindowsApps;;D:\pycharm\PyCharm 2024.3.1\bin;D:\UNSW\vscode\Microsoft VS Code\bin;D:/UNSW/Vivado/Vivado/2024.1\tps\mingw\6.2.0\win64.o\nt\bin;D:/UNSW/Vivado/Vivado/2024.1\tps\mingw\6.2.0\win64.o\nt\libexec\gcc\x86_64-w64-mingw32\6.2.0;D:/UNSW/Vivado/Vivado/2024.1\tps\win64\python-3.8.3;D:/UNSW/Vivado/Vivado/2024.1\tps\win64\python-3.8.3\bin;D:/UNSW/Vivado/Vivado/2024.1\tps\win64\python-3.8.3\lib;D:/UNSW/Vivado/Vivado/2024.1\tps\win64\python-3.8.3\lib\site-packages
USERNAME=YUHENG
OS=Windows_NT
PROCESSOR_IDENTIFIER=Intel64 Family 6 Model 186 Stepping 2, GenuineIntel
TMP=C:\Users\YUHENG\AppData\Local\Temp
TEMP=C:\Users\YUHENG\AppData\Local\Temp




Periodic native trim disabled

---------------  S Y S T E M  ---------------

OS:
 Windows 11 , 64 bit Build 26100 (10.0.26100.8875)
OS uptime: 1 days 5:08 hours
Hyper-V role detected

CPU: total 16 (initial active 16) (8 cores per cpu, 2 threads per core) family 6 model 186 stepping 2 microcode 0x4106, cx8, cmov, fxsr, ht, mmx, 3dnowpref, sse, sse2, sse3, ssse3, sse4.1, sse4.2, popcnt, lzcnt, tsc, tscinvbit, avx, avx2, aes, erms, clmul, bmi1, bmi2, adx, sha, fma, vzeroupper, clflush, clflushopt, clwb, hv, serialize, rdtscp, rdpid, fsrm, f16c, cet_ibt, cet_ss
Processor Information for processor 0
  Max Mhz: 2600, Current Mhz: 1496, Mhz Limit: 2600
Processor Information for processor 1
  Max Mhz: 2600, Current Mhz: 2600, Mhz Limit: 2600
Processor Information for processor 2
  Max Mhz: 2600, Current Mhz: 2600, Mhz Limit: 2600
Processor Information for processor 3
  Max Mhz: 2600, Current Mhz: 1496, Mhz Limit: 2600
Processor Information for processor 4
  Max Mhz: 2600, Current Mhz: 1496, Mhz Limit: 2600
Processor Information for processor 5
  Max Mhz: 2600, Current Mhz: 2600, Mhz Limit: 2600
Processor Information for processor 6
  Max Mhz: 2600, Current Mhz: 2600, Mhz Limit: 2600
Processor Information for processor 7
  Max Mhz: 2600, Current Mhz: 2600, Mhz Limit: 2600
Processor Information for processor 8
  Max Mhz: 2600, Current Mhz: 2600, Mhz Limit: 2600
Processor Information for processor 9
  Max Mhz: 2600, Current Mhz: 2600, Mhz Limit: 2600
Processor Information for processor 10
  Max Mhz: 2600, Current Mhz: 2600, Mhz Limit: 2600
Processor Information for processor 11
  Max Mhz: 2600, Current Mhz: 2600, Mhz Limit: 2600
Processor Information for processor 12
  Max Mhz: 2600, Current Mhz: 2600, Mhz Limit: 2600
Processor Information for processor 13
  Max Mhz: 2600, Current Mhz: 2600, Mhz Limit: 2600
Processor Information for processor 14
  Max Mhz: 2600, Current Mhz: 2600, Mhz Limit: 2600
Processor Information for processor 15
  Max Mhz: 2600, Current Mhz: 2600, Mhz Limit: 2600

Memory: 4k page, system-wide physical 16115M (1356M free)
TotalPageFile size 27361M (AvailPageFile size 327M)
current process WorkingSet (physical memory assigned to process): 293M, peak: 293M
current process commit charge ("private bytes"): 324M, peak: 835M

vm_info: OpenJDK 64-Bit Server VM (21.0.1+12-LTS) for windows-amd64 JRE (21.0.1+12-LTS), built on 2023-10-17T00:00:00Z by "admin" with unknown MS VC++:1937

END.
