#-----------------------------------------------------------
# Vivado v2024.1 (64-bit)
# SW Build 5076996 on Wed May 22 18:37:14 MDT 2024
# IP Build 5075265 on Wed May 22 21:45:21 MDT 2024
# SharedData Build 5076995 on Wed May 22 18:29:18 MDT 2024
# Start of session at: Fri Jul 17 15:23:06 2026
# Process ID: 34148
# Current directory: D:/UNSW/COMP3211/Lab2/Lab2Task1
# Command line: vivado.exe -gui_launcher_event rodinguilauncherevent29312 D:\UNSW\COMP3211\Lab2\Lab2Task1\Lab2Task1.xpr
# Log file: D:/UNSW/COMP3211/Lab2/Lab2Task1/vivado.log
# Journal file: D:/UNSW/COMP3211/Lab2/Lab2Task1\vivado.jou
# Running On        :DESKTOP-EI7AGU3
# Platform          :Windows Server 2016 or Windows 10
# Operating System  :26200
# Processor Detail  :13th Gen Intel(R) Core(TM) i5-13500H
# CPU Frequency     :3187 MHz
# CPU Physical cores:12
# CPU Logical cores :16
# Host memory       :16898 MB
# Swap memory       :11143 MB
# Total Virtual     :28042 MB
# Available Virtual :429 MB
#-----------------------------------------------------------
start_gui
